# sample_script.text

PyTestify Agent Output

Test Summary:
--------------
- Total Tests Run: 5
- Passed: 4
- Failed: 1

Test Details:
-------------
1. test_login_valid_credentials ... PASSED
2. test_login_invalid_credentials ... PASSED
3. test_logout ... PASSED
4. test_profile_update ... FAILED
   - AssertionError: Profile not updated as expected.
   - Screenshot saved: artifacts/screenshots/test_profile_update_failed.png
5. test_password_reset ... PASSED

Allure Report:
--------------
Allure results generated at: artifacts/allure-results/
To view the report, run: allure serve artifacts/allure-results/

Artifacts:
----------
- Allure results: artifacts/allure-results/
- Screenshots: artifacts/screenshots/

Generated by PyTestify Agent on 2024-06-20
